[debug] [2023-05-30T16:19:59.805Z] ----------------------------------------------------------------------
[debug] [2023-05-30T16:19:59.808Z] Command:       C:\Program Files\nodejs\node.exe C:\Users\Siddhesh Sawant\AppData\Roaming\npm\node_modules\firebase-tools\lib\bin\firebase.js init
[debug] [2023-05-30T16:19:59.809Z] CLI Version:   12.2.1
[debug] [2023-05-30T16:19:59.810Z] Platform:      win32
[debug] [2023-05-30T16:19:59.810Z] Node Version:  v18.15.0
[debug] [2023-05-30T16:19:59.811Z] Time:          Tue May 30 2023 21:49:59 GMT+0530 (India Standard Time)
[debug] [2023-05-30T16:19:59.811Z] ----------------------------------------------------------------------
[debug] 
[debug] [2023-05-30T16:19:59.935Z] > command requires scopes: ["email","openid","https://www.googleapis.com/auth/cloudplatformprojects.readonly","https://www.googleapis.com/auth/firebase","https://www.googleapis.com/auth/cloud-platform"]
[debug] [2023-05-30T16:19:59.936Z] > authorizing via signed-in user (20102130.siddhesh.sawant@gmail.com)
[info] 
     ######## #### ########  ######## ########     ###     ######  ########
     ##        ##  ##     ## ##       ##     ##  ##   ##  ##       ##
     ######    ##  ########  ######   ########  #########  ######  ######
     ##        ##  ##    ##  ##       ##     ## ##     ##       ## ##
     ##       #### ##     ## ######## ########  ##     ##  ######  ########

You're about to initialize a Firebase project in this directory:

  D:\Expense_Calculator\expense_calc

Before we get started, keep in mind:

  * You are initializing within an existing Firebase project directory

[info] 
=== Project Setup
[info] 
[info] First, let's associate this project directory with a Firebase project.
[info] You can create multiple project aliases by running firebase use --add, 
[info] but for now we'll just set up a default project.
[info] 
[debug] [2023-05-30T16:20:07.043Z] Using project from CLI flag: expensecalc-18bd8
[debug] [2023-05-30T16:20:07.047Z] >>> [apiv2][query] GET https://firebase.googleapis.com/v1beta1/projects/expensecalc-18bd8 [none]
[debug] [2023-05-30T16:20:07.625Z] <<< [apiv2][status] GET https://firebase.googleapis.com/v1beta1/projects/expensecalc-18bd8 200
[debug] [2023-05-30T16:20:07.626Z] <<< [apiv2][body] GET https://firebase.googleapis.com/v1beta1/projects/expensecalc-18bd8 {"projectId":"expensecalc-18bd8","projectNumber":"467566226777","displayName":"expensecalc","name":"projects/expensecalc-18bd8","resources":{"hostingSite":"expensecalc-18bd8","realtimeDatabaseInstance":"expensecalc-18bd8-default-rtdb"},"state":"ACTIVE","etag":"1_f72ace13-5e61-4f3b-8e79-2c16d26591ff"}
[info] i  Using project expensecalc-18bd8 (expensecalc) 
[info] 
=== Hosting Setup
[info] 
[info] Your public directory is the folder (relative to your project directory) that
[info] will contain Hosting assets to be uploaded with firebase deploy. If you
[info] have a build process for your assets, use your build's output directory.
[info] 
[debug] [2023-05-30T16:21:03.346Z] ----------------------------------------------------------------------
[debug] [2023-05-30T16:21:03.349Z] Command:       C:\Program Files\nodejs\node.exe C:\Users\Siddhesh Sawant\AppData\Roaming\npm\node_modules\firebase-tools\lib\bin\firebase.js init
[debug] [2023-05-30T16:21:03.349Z] CLI Version:   12.2.1
[debug] [2023-05-30T16:21:03.350Z] Platform:      win32
[debug] [2023-05-30T16:21:03.350Z] Node Version:  v18.15.0
[debug] [2023-05-30T16:21:03.351Z] Time:          Tue May 30 2023 21:51:03 GMT+0530 (India Standard Time)
[debug] [2023-05-30T16:21:03.352Z] ----------------------------------------------------------------------
[debug] 
[debug] [2023-05-30T16:21:03.464Z] > command requires scopes: ["email","openid","https://www.googleapis.com/auth/cloudplatformprojects.readonly","https://www.googleapis.com/auth/firebase","https://www.googleapis.com/auth/cloud-platform"]
[debug] [2023-05-30T16:21:03.465Z] > authorizing via signed-in user (20102130.siddhesh.sawant@gmail.com)
[info] 
     ######## #### ########  ######## ########     ###     ######  ########
     ##        ##  ##     ## ##       ##     ##  ##   ##  ##       ##
     ######    ##  ########  ######   ########  #########  ######  ######
     ##        ##  ##    ##  ##       ##     ## ##     ##       ## ##
     ##       #### ##     ## ######## ########  ##     ##  ######  ########

You're about to initialize a Firebase project in this directory:

  D:\Expense_Calculator\expense_calc

Before we get started, keep in mind:

  * You are initializing within an existing Firebase project directory

[info] 
=== Project Setup
[info] 
[info] First, let's associate this project directory with a Firebase project.
[info] You can create multiple project aliases by running firebase use --add, 
[info] but for now we'll just set up a default project.
[info] 
[debug] [2023-05-30T16:21:10.917Z] Using project from CLI flag: expensecalc-18bd8
[debug] [2023-05-30T16:21:10.921Z] >>> [apiv2][query] GET https://firebase.googleapis.com/v1beta1/projects/expensecalc-18bd8 [none]
[debug] [2023-05-30T16:21:11.679Z] <<< [apiv2][status] GET https://firebase.googleapis.com/v1beta1/projects/expensecalc-18bd8 200
[debug] [2023-05-30T16:21:11.680Z] <<< [apiv2][body] GET https://firebase.googleapis.com/v1beta1/projects/expensecalc-18bd8 {"projectId":"expensecalc-18bd8","projectNumber":"467566226777","displayName":"expensecalc","name":"projects/expensecalc-18bd8","resources":{"hostingSite":"expensecalc-18bd8","realtimeDatabaseInstance":"expensecalc-18bd8-default-rtdb"},"state":"ACTIVE","etag":"1_f72ace13-5e61-4f3b-8e79-2c16d26591ff"}
[info] i  Using project expensecalc-18bd8 (expensecalc) 
[info] 
=== Hosting Setup
[info] 
[info] Your public directory is the folder (relative to your project directory) that
[info] will contain Hosting assets to be uploaded with firebase deploy. If you
[info] have a build process for your assets, use your build's output directory.
[info] 
